app/build/intermediates/manifest_merge_blame_file/release/manifest-merger-blame-release-report.txt
1<?xml version="1.0" encoding="utf-8"?>
2<manifest xmlns:android="http://schemas.android.com/apk/res/android"
3    package="com.NovaLabs.boodschappenlijstje"
4    android:versionCode="2"
5    android:versionName="1.1" >
6
7    <uses-sdk
8        android:minSdkVersion="21"
8-->src\main\AndroidManifest.xml
9        android:targetSdkVersion="31" />
9-->src\main\AndroidManifest.xml
10
11    <application
11-->src\main\AndroidManifest.xml:4:5-37:19
12        android:allowBackup="true"
12-->src\main\AndroidManifest.xml:5:9-35
13        android:appComponentFactory="androidx.core.app.CoreComponentFactory"
13-->[androidx.core:core:1.7.0] AndroidManifest.xml:24:18-86
14        android:icon="@mipmap/ic_launcher"
14-->src\main\AndroidManifest.xml:6:9-43
15        android:label="@string/app_name"
15-->src\main\AndroidManifest.xml:7:9-41
16        android:roundIcon="@mipmap/ic_launcher_round"
16-->src\main\AndroidManifest.xml:8:9-54
17        android:supportsRtl="true"
17-->src\main\AndroidManifest.xml:9:9-35
18        android:theme="@style/Theme.Boodschappenlijstje" >
18-->src\main\AndroidManifest.xml:10:9-57
19        <activity
19-->src\main\AndroidManifest.xml:11:9-27:20
20            android:name="com.NovaLabs.boodschappenlijstje.MainActivity"
20-->src\main\AndroidManifest.xml:12:13-41
21            android:exported="true" >
21-->src\main\AndroidManifest.xml:13:13-36
22            <intent-filter>
22-->src\main\AndroidManifest.xml:14:13-18:29
23                <action android:name="android.intent.action.MAIN" />
23-->src\main\AndroidManifest.xml:15:17-69
23-->src\main\AndroidManifest.xml:15:25-66
24
25                <category android:name="android.intent.category.LAUNCHER" />
25-->src\main\AndroidManifest.xml:17:17-77
25-->src\main\AndroidManifest.xml:17:27-74
26            </intent-filter>
27            <intent-filter>
27-->src\main\AndroidManifest.xml:19:13-26:29
28                <action android:name="android.intent.action.VIEW" />
28-->src\main\AndroidManifest.xml:20:17-69
28-->src\main\AndroidManifest.xml:20:25-66
29
30                <data android:host="*" />
30-->src\main\AndroidManifest.xml:21:17-41
30-->src\main\AndroidManifest.xml:21:23-39
31                <data android:scheme="content" />
31-->src\main\AndroidManifest.xml:21:17-41
31-->src\main\AndroidManifest.xml:22:23-47
32                <data android:scheme="file" />
32-->src\main\AndroidManifest.xml:21:17-41
32-->src\main\AndroidManifest.xml:22:23-47
33                <data android:mimeType="application/json" />
33-->src\main\AndroidManifest.xml:21:17-41
33-->src\main\AndroidManifest.xml:24:23-58
34
35                <category android:name="android.intent.category.DEFAULT" />
35-->src\main\AndroidManifest.xml:25:17-75
35-->src\main\AndroidManifest.xml:25:27-73
36            </intent-filter>
37        </activity>
38
39        <provider
39-->src\main\AndroidManifest.xml:28:9-36:20
40            android:name="androidx.core.content.FileProvider"
40-->src\main\AndroidManifest.xml:29:13-62
41            android:authorities="com.NovaLabs.boodschappenlijstje.provider"
41-->src\main\AndroidManifest.xml:30:13-76
42            android:exported="false"
42-->src\main\AndroidManifest.xml:31:13-37
43            android:grantUriPermissions="true" >
43-->src\main\AndroidManifest.xml:32:13-47
44            <meta-data
44-->src\main\AndroidManifest.xml:33:13-35:54
45                android:name="android.support.FILE_PROVIDER_PATHS"
45-->src\main\AndroidManifest.xml:34:17-67
46                android:resource="@xml/file_paths" />
46-->src\main\AndroidManifest.xml:35:17-51
47        </provider>
48        <provider
48-->[androidx.emoji2:emoji2:1.0.0] AndroidManifest.xml:26:9-34:20
49            android:name="androidx.startup.InitializationProvider"
49-->[androidx.emoji2:emoji2:1.0.0] AndroidManifest.xml:27:13-67
50            android:authorities="com.NovaLabs.boodschappenlijstje.androidx-startup"
50-->[androidx.emoji2:emoji2:1.0.0] AndroidManifest.xml:28:13-68
51            android:exported="false" >
51-->[androidx.emoji2:emoji2:1.0.0] AndroidManifest.xml:29:13-37
52            <meta-data
52-->[androidx.emoji2:emoji2:1.0.0] AndroidManifest.xml:31:13-33:52
53                android:name="androidx.emoji2.text.EmojiCompatInitializer"
53-->[androidx.emoji2:emoji2:1.0.0] AndroidManifest.xml:32:17-75
54                android:value="androidx.startup" />
54-->[androidx.emoji2:emoji2:1.0.0] AndroidManifest.xml:33:17-49
55            <meta-data
55-->[androidx.lifecycle:lifecycle-process:2.4.0] AndroidManifest.xml:31:13-33:52
56                android:name="androidx.lifecycle.ProcessLifecycleInitializer"
56-->[androidx.lifecycle:lifecycle-process:2.4.0] AndroidManifest.xml:32:17-78
57                android:value="androidx.startup" />
57-->[androidx.lifecycle:lifecycle-process:2.4.0] AndroidManifest.xml:33:17-49
58        </provider>
59    </application>
60
61</manifest>